<?xml version="1.0" encoding="UTF-8"?>
<!-- Generated by org.testng.reporters.JUnitXMLReporter -->
<testsuite ignored="0" hostname="LAMU02FN5ZCMD6R.uhc.com." failures="1" tests="9" name="Command line test" time="395.333" errors="0" timestamp="2022-07-05T14:25:52 IST">
  <testcase classname="com.experian.qa.testcases.TermsAndConditionsTest" name="validateTitleTest" time="44.794"/>
  <testcase classname="com.experian.qa.testcases.ConsolidatingOtherDebtsTest" name="invalidBorrowAmountLessThen500Test" time="10.674"/>
  <testcase classname="com.experian.qa.testcases.ConsolidatingOtherDebtsTest" name="invalidBorrowAmountLessThen500Test" time="37.31">
    <failure type="org.openqa.selenium.ElementNotInteractableException" message="element not interactable
  (Session info: chrome=103.0.5060.114)
Build info: version: &amp;apos;4.1.2&amp;apos;, revision: &amp;apos;9a5a329c5a&amp;apos;
System info: host: &amp;apos;LAMU02FN5ZCMD6R.uhc.com.&amp;apos;, ip: &amp;apos;fe80:0:0:0:1cad:499f:4a64:5fa9%en0&amp;apos;, os.name: &amp;apos;Mac OS X&amp;apos;, os.arch: &amp;apos;x86_64&amp;apos;, os.version: &amp;apos;11.5&amp;apos;, java.version: &amp;apos;11.0.11&amp;apos;
Driver info: org.openqa.selenium.chrome.ChromeDriver
Command: [79e5db785e3840a27b9e4902935948d7, clickElement {id=e10b3609-4bf8-4e32-b2ec-eb10c98ba5f4}]
Capabilities {acceptInsecureCerts: false, browserName: chrome, browserVersion: 103.0.5060.114, chrome: {chromedriverVersion: 103.0.5060.53 (a1711811edd7..., userDataDir: /var/folders/tq/78q9w4fj581...}, goog:chromeOptions: {debuggerAddress: localhost:57173}, javascriptEnabled: true, networkConnectionEnabled: false, pageLoadStrategy: normal, platform: MAC, platformName: MAC, proxy: Proxy(), se:cdp: ws://localhost:57173/devtoo..., se:cdpVersion: 103.0.5060.114, setWindowRect: true, strictFileInteractability: false, timeouts: {implicit: 0, pageLoad: 300000, script: 30000}, unhandledPromptBehavior: dismiss and notify, webauthn:extension:credBlob: true, webauthn:extension:largeBlob: true, webauthn:virtualAuthenticators: true}
Element: [[ChromeDriver: chrome on MAC (79e5db785e3840a27b9e4902935948d7)] -&amp;gt; xpath: //*[@id=&amp;quot;search-form&amp;quot;]/div[3]/div/div[2]/div/fieldset/div/div[1]/label]
Session ID: 79e5db785e3840a27b9e4902935948d7">
      <![CDATA[org.openqa.selenium.ElementNotInteractableException: element not interactable
  (Session info: chrome=103.0.5060.114)
Build info: version: '4.1.2', revision: '9a5a329c5a'
System info: host: 'LAMU02FN5ZCMD6R.uhc.com.', ip: 'fe80:0:0:0:1cad:499f:4a64:5fa9%en0', os.name: 'Mac OS X', os.arch: 'x86_64', os.version: '11.5', java.version: '11.0.11'
Driver info: org.openqa.selenium.chrome.ChromeDriver
Command: [79e5db785e3840a27b9e4902935948d7, clickElement {id=e10b3609-4bf8-4e32-b2ec-eb10c98ba5f4}]
Capabilities {acceptInsecureCerts: false, browserName: chrome, browserVersion: 103.0.5060.114, chrome: {chromedriverVersion: 103.0.5060.53 (a1711811edd7..., userDataDir: /var/folders/tq/78q9w4fj581...}, goog:chromeOptions: {debuggerAddress: localhost:57173}, javascriptEnabled: true, networkConnectionEnabled: false, pageLoadStrategy: normal, platform: MAC, platformName: MAC, proxy: Proxy(), se:cdp: ws://localhost:57173/devtoo..., se:cdpVersion: 103.0.5060.114, setWindowRect: true, strictFileInteractability: false, timeouts: {implicit: 0, pageLoad: 300000, script: 30000}, unhandledPromptBehavior: dismiss and notify, webauthn:extension:credBlob: true, webauthn:extension:largeBlob: true, webauthn:virtualAuthenticators: true}
Element: [[ChromeDriver: chrome on MAC (79e5db785e3840a27b9e4902935948d7)] -> xpath: //*[@id="search-form"]/div[3]/div/div[2]/div/fieldset/div/div[1]/label]
Session ID: 79e5db785e3840a27b9e4902935948d7
at org.openqa.selenium.remote.codec.w3c.W3CHttpResponseCodec.createException(W3CHttpResponseCodec.java:200)
at org.openqa.selenium.remote.codec.w3c.W3CHttpResponseCodec.decode(W3CHttpResponseCodec.java:133)
at org.openqa.selenium.remote.codec.w3c.W3CHttpResponseCodec.decode(W3CHttpResponseCodec.java:53)
at org.openqa.selenium.remote.HttpCommandExecutor.execute(HttpCommandExecutor.java:184)
at org.openqa.selenium.remote.service.DriverCommandExecutor.invokeExecute(DriverCommandExecutor.java:167)
at org.openqa.selenium.remote.service.DriverCommandExecutor.execute(DriverCommandExecutor.java:142)
at org.openqa.selenium.remote.RemoteWebDriver.execute(RemoteWebDriver.java:558)
at org.openqa.selenium.remote.RemoteWebElement.execute(RemoteWebElement.java:251)
at org.openqa.selenium.remote.RemoteWebElement.click(RemoteWebElement.java:77)
at org.openqa.selenium.support.pagefactory.internal.LocatingElementHandler.invoke(LocatingElementHandler.java:52)
at com.sun.proxy.$Proxy15.click(Unknown Source)
at com.experian.qa.testcases.ConsolidatingOtherDebtsTest.invalidBorrowAmountLessThen500Test(ConsolidatingOtherDebtsTest.java:47)
at java.base/java.util.ArrayList.forEach(ArrayList.java:1541)
... Removed 45 stack frames]]>
    </failure>
  </testcase> <!-- invalidBorrowAmountLessThen500Test -->
  <testcase classname="com.experian.qa.testcases.ConsolidatingOtherDebtsTest" name="invalidBorrowAmountLessThen500Test" time="11.219"/>
  <testcase classname="com.experian.qa.testcases.ConsolidatingOtherDebtsTest" name="invalidBorrowAmountLessThen500Test" time="13.029"/>
  <testcase classname="com.experian.qa.testcases.ConsolidatingOtherDebtsTest" name="invalidBorrowAmountMoreThen50000Test" time="10.62"/>
  <testcase classname="com.experian.qa.testcases.HomePageTest" name="verifyCarInsuranceTabtest" time="17.103"/>
  <testcase classname="com.experian.qa.testcases.HomePageTest" name="verifyCreditCardTabtest" time="11.92"/>
  <testcase classname="com.experian.qa.testcases.HomePageTest" name="verifyLoansTabtest" time="13.966"/>
</testsuite> <!-- Command line test -->
