<?xml version="1.0" encoding="UTF-8"?>
<!-- Generated by org.testng.reporters.JUnitXMLReporter -->
<testsuite ignored="2" hostname="LAMU02FN5ZCMD6R.uhc.com." failures="0" tests="4" name="Command line test" time="72.031" errors="0" timestamp="2022-06-05T21:25:31 IST">
  <testcase classname="com.experian.qa.testcases.TermsAndConditionsTest" name="validateTitleTest" time="10.17"/>
  <testcase classname="com.experian.qa.testcases.HomePageTest" name="verifyCarInsuranceTabtest" time="8.341"/>
  <testcase classname="com.experian.qa.testcases.HomePageTest" name="verifyCreditCardTabtest" time="3.211"/>
  <testcase classname="com.experian.qa.testcases.HomePageTest" name="verifyLoansTabtest" time="2.601"/>
  <testcase classname="com.experian.qa.testcases.ConsolidatingOtherDebtsTest" name="invalidBorrowAmountLessThen500Test" time="0.0">
    <ignored/>
  </testcase> <!-- invalidBorrowAmountLessThen500Test -->
  <testcase classname="com.experian.qa.testcases.ConsolidatingOtherDebtsTest" name="invalidBorrowAmountMoreThen50000Test" time="0.0">
    <ignored/>
  </testcase> <!-- invalidBorrowAmountMoreThen50000Test -->
</testsuite> <!-- Command line test -->
