<?xml version="1.0" encoding="UTF-8" ?>
<testsuite tests="27" failures="3" name="TestSuite" time="0.371" errors="0" skipped="24">
  <properties>
[...]
</properties>
  <testcase classname="com.experian.qa.testcases.TermsAndConditionsTest" name="setup" time="0.359">
    <failure message="&apos;com.google.common.collect.ImmutableMap com.google.common.collect.ImmutableMap.of(java.lang.Object, java.lang.Object, java.lang.Object, java.lang.Object, java.lang.Object, java.lang.Object, java.lang.Object, java.lang.Object, java.lang.Object, java.lang.Object, java.lang.Object, java.lang.Object)&apos;" type="java.lang.NoSuchMethodError">java.lang.NoSuchMethodError: &apos;com.google.common.collect.ImmutableMap com.google.common.collect.ImmutableMap.of(java.lang.Object, java.lang.Object, java.lang.Object, java.lang.Object, java.lang.Object, java.lang.Object, java.lang.Object, java.lang.Object, java.lang.Object, java.lang.Object, java.lang.Object, java.lang.Object)&apos;
	at org.openqa.selenium.chrome.AddHasCasting.getAdditionalCommands(AddHasCasting.java:38)
	at org.openqa.selenium.chrome.ChromeDriver$ChromeDriverCommandExecutor.getExtraCommands(ChromeDriver.java:123)
	at org.openqa.selenium.chrome.ChromeDriver$ChromeDriverCommandExecutor.&lt;init&gt;(ChromeDriver.java:118)
	at org.openqa.selenium.chrome.ChromeDriver.&lt;init&gt;(ChromeDriver.java:106)
	at org.openqa.selenium.chrome.ChromeDriver.&lt;init&gt;(ChromeDriver.java:93)
	at org.openqa.selenium.chrome.ChromeDriver.&lt;init&gt;(ChromeDriver.java:48)
	at com.experian.qa.base.TestBase.initialization(TestBase.java:58)
	at com.experian.qa.testcases.TermsAndConditionsTest.setup(TermsAndConditionsTest.java:26)
</failure>
    <system-out>Configuring TestNG with: org.apache.maven.surefire.testng.conf.TestNG652Configurator@4fb64261
indside testbase constructor ..
indside testbase constructor ..
indside testbase constructor ..
indside testbase constructor ..
</system-out>
    <system-err>SLF4J: Failed to load class &quot;org.slf4j.impl.StaticLoggerBinder&quot;.
SLF4J: Defaulting to no-operation (NOP) logger implementation
SLF4J: See http://www.slf4j.org/codes.html#StaticLoggerBinder for further details.
</system-err>
  </testcase>
  <testcase classname="com.experian.qa.testcases.TermsAndConditionsTest" name="validateTitleTest" time="0">
    <skipped/>
  </testcase>
  <testcase classname="com.experian.qa.testcases.TermsAndConditionsTest" name="tearDown" time="0">
    <skipped/>
  </testcase>
  <testcase classname="com.experian.qa.testcases.ConsolidatingOtherDebtsTest" name="setup" time="0.004">
    <failure message="&apos;com.google.common.collect.ImmutableMap com.google.common.collect.ImmutableMap.of(java.lang.Object, java.lang.Object, java.lang.Object, java.lang.Object, java.lang.Object, java.lang.Object, java.lang.Object, java.lang.Object, java.lang.Object, java.lang.Object, java.lang.Object, java.lang.Object)&apos;" type="java.lang.NoSuchMethodError">java.lang.NoSuchMethodError: &apos;com.google.common.collect.ImmutableMap com.google.common.collect.ImmutableMap.of(java.lang.Object, java.lang.Object, java.lang.Object, java.lang.Object, java.lang.Object, java.lang.Object, java.lang.Object, java.lang.Object, java.lang.Object, java.lang.Object, java.lang.Object, java.lang.Object)&apos;
	at org.openqa.selenium.chrome.AddHasCasting.getAdditionalCommands(AddHasCasting.java:38)
	at org.openqa.selenium.chrome.ChromeDriver$ChromeDriverCommandExecutor.getExtraCommands(ChromeDriver.java:123)
	at org.openqa.selenium.chrome.ChromeDriver$ChromeDriverCommandExecutor.&lt;init&gt;(ChromeDriver.java:118)
	at org.openqa.selenium.chrome.ChromeDriver.&lt;init&gt;(ChromeDriver.java:106)
	at org.openqa.selenium.chrome.ChromeDriver.&lt;init&gt;(ChromeDriver.java:93)
	at org.openqa.selenium.chrome.ChromeDriver.&lt;init&gt;(ChromeDriver.java:48)
	at com.experian.qa.base.TestBase.initialization(TestBase.java:58)
	at com.experian.qa.testcases.ConsolidatingOtherDebtsTest.setup(ConsolidatingOtherDebtsTest.java:33)
</failure>
  </testcase>
  <testcase classname="com.experian.qa.testcases.ConsolidatingOtherDebtsTest" name="invalidBorrowAmountLessThen500Test" time="0">
    <skipped/>
  </testcase>
  <testcase classname="com.experian.qa.testcases.ConsolidatingOtherDebtsTest" name="tearDown" time="0">
    <skipped/>
  </testcase>
  <testcase classname="com.experian.qa.testcases.ConsolidatingOtherDebtsTest" name="setup" time="0">
    <skipped/>
  </testcase>
  <testcase classname="com.experian.qa.testcases.ConsolidatingOtherDebtsTest" name="invalidBorrowAmountLessThen500Test" time="0">
    <skipped/>
  </testcase>
  <testcase classname="com.experian.qa.testcases.ConsolidatingOtherDebtsTest" name="tearDown" time="0">
    <skipped/>
  </testcase>
  <testcase classname="com.experian.qa.testcases.ConsolidatingOtherDebtsTest" name="setup" time="0">
    <skipped/>
  </testcase>
  <testcase classname="com.experian.qa.testcases.ConsolidatingOtherDebtsTest" name="invalidBorrowAmountLessThen500Test" time="0">
    <skipped/>
  </testcase>
  <testcase classname="com.experian.qa.testcases.ConsolidatingOtherDebtsTest" name="tearDown" time="0.001">
    <skipped/>
  </testcase>
  <testcase classname="com.experian.qa.testcases.ConsolidatingOtherDebtsTest" name="setup" time="0.001">
    <skipped/>
  </testcase>
  <testcase classname="com.experian.qa.testcases.ConsolidatingOtherDebtsTest" name="invalidBorrowAmountLessThen500Test" time="0">
    <skipped/>
  </testcase>
  <testcase classname="com.experian.qa.testcases.ConsolidatingOtherDebtsTest" name="tearDown" time="0">
    <skipped/>
  </testcase>
  <testcase classname="com.experian.qa.testcases.ConsolidatingOtherDebtsTest" name="setup" time="0">
    <skipped/>
  </testcase>
  <testcase classname="com.experian.qa.testcases.ConsolidatingOtherDebtsTest" name="invalidBorrowAmountMoreThen50000Test" time="0">
    <skipped/>
  </testcase>
  <testcase classname="com.experian.qa.testcases.ConsolidatingOtherDebtsTest" name="tearDown" time="0.001">
    <skipped/>
  </testcase>
  <testcase classname="com.experian.qa.testcases.HomePageTest" name="setup" time="0.002">
    <failure message="&apos;com.google.common.collect.ImmutableMap com.google.common.collect.ImmutableMap.of(java.lang.Object, java.lang.Object, java.lang.Object, java.lang.Object, java.lang.Object, java.lang.Object, java.lang.Object, java.lang.Object, java.lang.Object, java.lang.Object, java.lang.Object, java.lang.Object)&apos;" type="java.lang.NoSuchMethodError">java.lang.NoSuchMethodError: &apos;com.google.common.collect.ImmutableMap com.google.common.collect.ImmutableMap.of(java.lang.Object, java.lang.Object, java.lang.Object, java.lang.Object, java.lang.Object, java.lang.Object, java.lang.Object, java.lang.Object, java.lang.Object, java.lang.Object, java.lang.Object, java.lang.Object)&apos;
	at org.openqa.selenium.chrome.AddHasCasting.getAdditionalCommands(AddHasCasting.java:38)
	at org.openqa.selenium.chrome.ChromeDriver$ChromeDriverCommandExecutor.getExtraCommands(ChromeDriver.java:123)
	at org.openqa.selenium.chrome.ChromeDriver$ChromeDriverCommandExecutor.&lt;init&gt;(ChromeDriver.java:118)
	at org.openqa.selenium.chrome.ChromeDriver.&lt;init&gt;(ChromeDriver.java:106)
	at org.openqa.selenium.chrome.ChromeDriver.&lt;init&gt;(ChromeDriver.java:93)
	at org.openqa.selenium.chrome.ChromeDriver.&lt;init&gt;(ChromeDriver.java:48)
	at com.experian.qa.base.TestBase.initialization(TestBase.java:58)
	at com.experian.qa.testcases.HomePageTest.setup(HomePageTest.java:25)
</failure>
  </testcase>
  <testcase classname="com.experian.qa.testcases.HomePageTest" name="verifyCarInsuranceTabtest" time="0">
    <skipped/>
  </testcase>
  <testcase classname="com.experian.qa.testcases.HomePageTest" name="tearDown" time="0.001">
    <skipped/>
  </testcase>
  <testcase classname="com.experian.qa.testcases.HomePageTest" name="setup" time="0.001">
    <skipped/>
  </testcase>
  <testcase classname="com.experian.qa.testcases.HomePageTest" name="verifyCreditCardTabtest" time="0">
    <skipped/>
  </testcase>
  <testcase classname="com.experian.qa.testcases.HomePageTest" name="tearDown" time="0">
    <skipped/>
  </testcase>
  <testcase classname="com.experian.qa.testcases.HomePageTest" name="setup" time="0">
    <skipped/>
  </testcase>
  <testcase classname="com.experian.qa.testcases.HomePageTest" name="verifyLoansTabtest" time="0">
    <skipped/>
  </testcase>
  <testcase classname="com.experian.qa.testcases.HomePageTest" name="tearDown" time="0.001">
    <skipped/>
  </testcase>
</testsuite>