<?xml version="1.0" encoding="UTF-8" ?>
<testsuite tests="9" failures="1" name="TestSuite" time="278.261" errors="0" skipped="0">
  <properties>
[...]
</properties>
  <testcase classname="com.experian.qa.testcases.TermsAndConditionsTest" name="validateTitleTest" time="17.081"/>
  <testcase classname="com.experian.qa.testcases.ConsolidatingOtherDebtsTest" name="invalidBorrowAmountLessThen500Test" time="10.633"/>
  <testcase classname="com.experian.qa.testcases.ConsolidatingOtherDebtsTest" name="invalidBorrowAmountLessThen500Test" time="180.089">
    <failure message="java.util.concurrent.TimeoutException
Build info: version: &apos;4.3.0&apos;, revision: &apos;a4995e2c09*&apos;
System info: host: &apos;LAMU02FN5ZCMD6R.uhc.com.&apos;, ip: &apos;fe80:0:0:0:1c6b:3325:a19e:afb7%en0&apos;, os.name: &apos;Mac OS X&apos;, os.arch: &apos;x86_64&apos;, os.version: &apos;11.5&apos;, java.version: &apos;11.0.11&apos;
Driver info: org.openqa.selenium.chrome.ChromeDriver
Command: [ed44050dcef8fc8f76491ce701db0ba6, clickElement {id=24cefccb-b757-48e0-907b-f418804afd6c}]
Capabilities {acceptInsecureCerts: false, browserName: chrome, browserVersion: 103.0.5060.134, chrome: {chromedriverVersion: 103.0.5060.53 (a1711811edd7..., userDataDir: /var/folders/tq/78q9w4fj581...}, goog:chromeOptions: {debuggerAddress: localhost:50378}, networkConnectionEnabled: false, pageLoadStrategy: normal, platformName: MAC, proxy: Proxy(), se:cdp: ws://localhost:50378/devtoo..., se:cdpVersion: 103.0.5060.134, setWindowRect: true, strictFileInteractability: false, timeouts: {implicit: 0, pageLoad: 300000, script: 30000}, unhandledPromptBehavior: dismiss and notify, webauthn:extension:credBlob: true, webauthn:extension:largeBlob: true, webauthn:virtualAuthenticators: true}
Element: [[ChromeDriver: chrome on MAC (ed44050dcef8fc8f76491ce701db0ba6)] -&gt; partial link text: loans]
Session ID: ed44050dcef8fc8f76491ce701db0ba6" type="org.openqa.selenium.TimeoutException">org.openqa.selenium.TimeoutException: java.util.concurrent.TimeoutException
Build info: version: &apos;4.3.0&apos;, revision: &apos;a4995e2c09*&apos;
System info: host: &apos;LAMU02FN5ZCMD6R.uhc.com.&apos;, ip: &apos;fe80:0:0:0:1c6b:3325:a19e:afb7%en0&apos;, os.name: &apos;Mac OS X&apos;, os.arch: &apos;x86_64&apos;, os.version: &apos;11.5&apos;, java.version: &apos;11.0.11&apos;
Driver info: org.openqa.selenium.chrome.ChromeDriver
Command: [ed44050dcef8fc8f76491ce701db0ba6, clickElement {id=24cefccb-b757-48e0-907b-f418804afd6c}]
Capabilities {acceptInsecureCerts: false, browserName: chrome, browserVersion: 103.0.5060.134, chrome: {chromedriverVersion: 103.0.5060.53 (a1711811edd7..., userDataDir: /var/folders/tq/78q9w4fj581...}, goog:chromeOptions: {debuggerAddress: localhost:50378}, networkConnectionEnabled: false, pageLoadStrategy: normal, platformName: MAC, proxy: Proxy(), se:cdp: ws://localhost:50378/devtoo..., se:cdpVersion: 103.0.5060.134, setWindowRect: true, strictFileInteractability: false, timeouts: {implicit: 0, pageLoad: 300000, script: 30000}, unhandledPromptBehavior: dismiss and notify, webauthn:extension:credBlob: true, webauthn:extension:largeBlob: true, webauthn:virtualAuthenticators: true}
Element: [[ChromeDriver: chrome on MAC (ed44050dcef8fc8f76491ce701db0ba6)] -&gt; partial link text: loans]
Session ID: ed44050dcef8fc8f76491ce701db0ba6
	at org.openqa.selenium.remote.http.netty.NettyHttpHandler.makeCall(NettyHttpHandler.java:65)
	at org.openqa.selenium.remote.http.AddSeleniumUserAgent.lambda$apply$0(AddSeleniumUserAgent.java:42)
	at org.openqa.selenium.remote.http.Filter.lambda$andFinally$1(Filter.java:56)
	at org.openqa.selenium.remote.http.netty.NettyHttpHandler.execute(NettyHttpHandler.java:49)
	at org.openqa.selenium.remote.http.AddSeleniumUserAgent.lambda$apply$0(AddSeleniumUserAgent.java:42)
	at org.openqa.selenium.remote.http.Filter.lambda$andFinally$1(Filter.java:56)
	at org.openqa.selenium.remote.http.netty.NettyClient.execute(NettyClient.java:98)
	at org.openqa.selenium.remote.HttpCommandExecutor.execute(HttpCommandExecutor.java:181)
	at org.openqa.selenium.remote.service.DriverCommandExecutor.invokeExecute(DriverCommandExecutor.java:167)
	at org.openqa.selenium.remote.service.DriverCommandExecutor.execute(DriverCommandExecutor.java:142)
	at org.openqa.selenium.remote.RemoteWebDriver.execute(RemoteWebDriver.java:569)
	at org.openqa.selenium.remote.RemoteWebElement.execute(RemoteWebElement.java:257)
	at org.openqa.selenium.remote.RemoteWebElement.click(RemoteWebElement.java:78)
	at java.base/jdk.internal.reflect.NativeMethodAccessorImpl.invoke0(Native Method)
	at java.base/jdk.internal.reflect.NativeMethodAccessorImpl.invoke(NativeMethodAccessorImpl.java:62)
	at java.base/jdk.internal.reflect.DelegatingMethodAccessorImpl.invoke(DelegatingMethodAccessorImpl.java:43)
	at java.base/java.lang.reflect.Method.invoke(Method.java:566)
	at org.openqa.selenium.support.pagefactory.internal.LocatingElementHandler.invoke(LocatingElementHandler.java:52)
	at com.sun.proxy.$Proxy15.click(Unknown Source)
	at com.experian.qa.pages.HomePage.clickOnLoanTab(HomePage.java:41)
	at com.experian.qa.testcases.ConsolidatingOtherDebtsTest.invalidBorrowAmountLessThen500Test(ConsolidatingOtherDebtsTest.java:45)
Caused by: java.util.concurrent.TimeoutException
	at java.base/java.util.concurrent.CompletableFuture.timedGet(CompletableFuture.java:1886)
	at java.base/java.util.concurrent.CompletableFuture.get(CompletableFuture.java:2021)
	at org.asynchttpclient.netty.NettyResponseFuture.get(NettyResponseFuture.java:206)
	at org.openqa.selenium.remote.http.netty.NettyHttpHandler.makeCall(NettyHttpHandler.java:59)
	... 58 more
</failure>
    <system-out>Inside initialization of chrome...
indside testbase constructor ..
indside testbase constructor ..
</system-out>
    <system-err>Starting ChromeDriver 103.0.5060.53 (a1711811edd74ff1cf2150f36ffa3b0dae40b17f-refs/branch-heads/5060@{#853}) on port 60043
Only local connections are allowed.
Please see https://chromedriver.chromium.org/security-considerations for suggestions on keeping ChromeDriver safe.
ChromeDriver was started successfully.
Jul 29, 2022 1:38:17 PM org.openqa.selenium.remote.ProtocolHandshake createSession
INFO: Detected upstream dialect: W3C
Jul 29, 2022 1:38:17 PM org.openqa.selenium.devtools.CdpVersionFinder findNearestMatch
INFO: Found exact CDP implementation for version 103
</system-err>
  </testcase>
  <testcase classname="com.experian.qa.testcases.ConsolidatingOtherDebtsTest" name="invalidBorrowAmountLessThen500Test" time="11.781"/>
  <testcase classname="com.experian.qa.testcases.ConsolidatingOtherDebtsTest" name="invalidBorrowAmountLessThen500Test" time="11.701"/>
  <testcase classname="com.experian.qa.testcases.ConsolidatingOtherDebtsTest" name="invalidBorrowAmountMoreThen50000Test" time="11.288"/>
  <testcase classname="com.experian.qa.testcases.HomePageTest" name="verifyCarInsuranceTabtest" time="15.053"/>
  <testcase classname="com.experian.qa.testcases.HomePageTest" name="verifyCreditCardTabtest" time="10.561"/>
  <testcase classname="com.experian.qa.testcases.HomePageTest" name="verifyLoansTabtest" time="10.074"/>
</testsuite>