<?xml version="1.0" encoding="UTF-8"?>
<testng-results ignored="2" total="6" passed="4" failed="0" skipped="0">
  <reporter-output>
  </reporter-output>
  <suite started-at="2022-06-05T21:24:19 IST" name="Command line suite" finished-at="2022-06-05T21:25:31 IST" duration-ms="72031">
    <groups>
      <group name="FunctionalTest">
        <method signature="HomePageTest.verifyCarInsuranceTabtest()[pri:0, instance:com.experian.qa.testcases.HomePageTest@1ce24091]" name="verifyCarInsuranceTabtest" class="com.experian.qa.testcases.HomePageTest"/>
        <method signature="HomePageTest.verifyCreditCardTabtest()[pri:0, instance:com.experian.qa.testcases.HomePageTest@1ce24091]" name="verifyCreditCardTabtest" class="com.experian.qa.testcases.HomePageTest"/>
        <method signature="HomePageTest.verifyLoansTabtest()[pri:0, instance:com.experian.qa.testcases.HomePageTest@1ce24091]" name="verifyLoansTabtest" class="com.experian.qa.testcases.HomePageTest"/>
        <method signature="TermsAndConditionsTest.validateTitleTest()[pri:0, instance:com.experian.qa.testcases.TermsAndConditionsTest@6025e1b6]" name="validateTitleTest" class="com.experian.qa.testcases.TermsAndConditionsTest"/>
      </group> <!-- FunctionalTest -->
      <group name="SmokeTest">
        <method signature="HomePageTest.verifyCarInsuranceTabtest()[pri:0, instance:com.experian.qa.testcases.HomePageTest@1ce24091]" name="verifyCarInsuranceTabtest" class="com.experian.qa.testcases.HomePageTest"/>
        <method signature="HomePageTest.verifyCreditCardTabtest()[pri:0, instance:com.experian.qa.testcases.HomePageTest@1ce24091]" name="verifyCreditCardTabtest" class="com.experian.qa.testcases.HomePageTest"/>
        <method signature="HomePageTest.verifyLoansTabtest()[pri:0, instance:com.experian.qa.testcases.HomePageTest@1ce24091]" name="verifyLoansTabtest" class="com.experian.qa.testcases.HomePageTest"/>
        <method signature="TermsAndConditionsTest.validateTitleTest()[pri:0, instance:com.experian.qa.testcases.TermsAndConditionsTest@6025e1b6]" name="validateTitleTest" class="com.experian.qa.testcases.TermsAndConditionsTest"/>
      </group> <!-- SmokeTest -->
    </groups>
    <test started-at="2022-06-05T21:24:19 IST" name="Command line test" finished-at="2022-06-05T21:25:31 IST" duration-ms="72031">
      <class name="com.experian.qa.testcases.HomePageTest">
        <test-method is-config="true" signature="setup()[pri:0, instance:com.experian.qa.testcases.HomePageTest@1ce24091]" started-at="2022-06-05T21:24:40 IST" name="setup" finished-at="2022-06-05T21:24:50 IST" duration-ms="10016" status="PASS">
          <reporter-output>
          </reporter-output>
        </test-method> <!-- setup -->
        <test-method signature="verifyCarInsuranceTabtest()[pri:0, instance:com.experian.qa.testcases.HomePageTest@1ce24091]" started-at="2022-06-05T21:24:50 IST" name="verifyCarInsuranceTabtest" finished-at="2022-06-05T21:24:59 IST" duration-ms="8341" status="PASS">
          <reporter-output>
          </reporter-output>
        </test-method> <!-- verifyCarInsuranceTabtest -->
        <test-method is-config="true" signature="tearDown()[pri:0, instance:com.experian.qa.testcases.HomePageTest@1ce24091]" started-at="2022-06-05T21:24:59 IST" name="tearDown" finished-at="2022-06-05T21:25:00 IST" duration-ms="1181" status="PASS">
          <reporter-output>
          </reporter-output>
        </test-method> <!-- tearDown -->
        <test-method is-config="true" signature="setup()[pri:0, instance:com.experian.qa.testcases.HomePageTest@1ce24091]" started-at="2022-06-05T21:25:00 IST" name="setup" finished-at="2022-06-05T21:25:11 IST" duration-ms="11480" status="PASS">
          <reporter-output>
          </reporter-output>
        </test-method> <!-- setup -->
        <test-method signature="verifyCreditCardTabtest()[pri:0, instance:com.experian.qa.testcases.HomePageTest@1ce24091]" started-at="2022-06-05T21:25:11 IST" name="verifyCreditCardTabtest" finished-at="2022-06-05T21:25:14 IST" duration-ms="3211" status="PASS">
          <reporter-output>
          </reporter-output>
        </test-method> <!-- verifyCreditCardTabtest -->
        <test-method is-config="true" signature="tearDown()[pri:0, instance:com.experian.qa.testcases.HomePageTest@1ce24091]" started-at="2022-06-05T21:25:14 IST" name="tearDown" finished-at="2022-06-05T21:25:16 IST" duration-ms="1225" status="PASS">
          <reporter-output>
          </reporter-output>
        </test-method> <!-- tearDown -->
        <test-method is-config="true" signature="setup()[pri:0, instance:com.experian.qa.testcases.HomePageTest@1ce24091]" started-at="2022-06-05T21:25:16 IST" name="setup" finished-at="2022-06-05T21:25:27 IST" duration-ms="11679" status="PASS">
          <reporter-output>
          </reporter-output>
        </test-method> <!-- setup -->
        <test-method signature="verifyLoansTabtest()[pri:0, instance:com.experian.qa.testcases.HomePageTest@1ce24091]" started-at="2022-06-05T21:25:27 IST" name="verifyLoansTabtest" finished-at="2022-06-05T21:25:30 IST" duration-ms="2601" status="PASS">
          <reporter-output>
          </reporter-output>
        </test-method> <!-- verifyLoansTabtest -->
        <test-method is-config="true" signature="tearDown()[pri:0, instance:com.experian.qa.testcases.HomePageTest@1ce24091]" started-at="2022-06-05T21:25:30 IST" name="tearDown" finished-at="2022-06-05T21:25:31 IST" duration-ms="1172" status="PASS">
          <reporter-output>
          </reporter-output>
        </test-method> <!-- tearDown -->
      </class> <!-- com.experian.qa.testcases.HomePageTest -->
      <class name="com.experian.qa.testcases.TermsAndConditionsTest">
        <test-method is-config="true" signature="setup()[pri:0, instance:com.experian.qa.testcases.TermsAndConditionsTest@6025e1b6]" started-at="2022-06-05T21:24:19 IST" name="setup" finished-at="2022-06-05T21:24:29 IST" duration-ms="9737" status="PASS">
          <reporter-output>
          </reporter-output>
        </test-method> <!-- setup -->
        <test-method signature="validateTitleTest()[pri:0, instance:com.experian.qa.testcases.TermsAndConditionsTest@6025e1b6]" started-at="2022-06-05T21:24:29 IST" name="validateTitleTest" finished-at="2022-06-05T21:24:39 IST" duration-ms="10170" status="PASS">
          <reporter-output>
          </reporter-output>
        </test-method> <!-- validateTitleTest -->
        <test-method is-config="true" signature="tearDown()[pri:0, instance:com.experian.qa.testcases.TermsAndConditionsTest@6025e1b6]" started-at="2022-06-05T21:24:39 IST" name="tearDown" finished-at="2022-06-05T21:24:40 IST" duration-ms="1190" status="PASS">
          <reporter-output>
          </reporter-output>
        </test-method> <!-- tearDown -->
      </class> <!-- com.experian.qa.testcases.TermsAndConditionsTest -->
    </test> <!-- Command line test -->
  </suite> <!-- Command line suite -->
</testng-results>
